2025-05-10 19:38:09.995 [background-preinit] INFO  o.h.validator.internal.util.Version - HV000001: Hibernate Validator 8.0.2.Final
2025-05-10 19:38:10.559 [main] INFO  c.kirill.meetyou.MeetYou2Application - Starting MeetYou2Application using Java 21.0.7 with PID 10390 (/home/kirill/Java/MeetYou2/target/classes started by kirill in /home/kirill/Java/MeetYou2)
2025-05-10 19:38:10.563 [main] INFO  c.kirill.meetyou.MeetYou2Application - No active profile set, falling back to 1 default profile: "default"
2025-05-10 19:38:13.753 [main] INFO  o.s.d.r.c.RepositoryConfigurationDelegate - Bootstrapping Spring Data JPA repositories in DEFAULT mode.
2025-05-10 19:38:13.990 [main] INFO  o.s.d.r.c.RepositoryConfigurationDelegate - Finished Spring Data repository scanning in 211 ms. Found 5 JPA repository interfaces.
2025-05-10 19:38:16.188 [main] INFO  o.s.b.w.e.tomcat.TomcatWebServer - Tomcat initialized with port 8080 (http)
2025-05-10 19:38:16.219 [main] INFO  o.a.coyote.http11.Http11NioProtocol - Initializing ProtocolHandler ["http-nio-8080"]
2025-05-10 19:38:16.224 [main] INFO  o.a.catalina.core.StandardService - Starting service [Tomcat]
2025-05-10 19:38:16.225 [main] INFO  o.a.catalina.core.StandardEngine - Starting Servlet engine: [Apache Tomcat/10.1.39]
2025-05-10 19:38:16.361 [main] INFO  o.a.c.c.C.[Tomcat].[localhost].[/] - Initializing Spring embedded WebApplicationContext
2025-05-10 19:38:16.362 [main] INFO  o.s.b.w.s.c.ServletWebServerApplicationContext - Root WebApplicationContext: initialization completed in 5513 ms
2025-05-10 19:38:16.967 [main] INFO  o.h.jpa.internal.util.LogHelper - HHH000204: Processing PersistenceUnitInfo [name: default]
2025-05-10 19:38:17.136 [main] INFO  org.hibernate.Version - HHH000412: Hibernate ORM core version 6.6.11.Final
2025-05-10 19:38:17.250 [main] INFO  o.h.c.i.RegionFactoryInitiator - HHH000026: Second-level cache disabled
2025-05-10 19:38:17.873 [main] INFO  o.s.o.j.p.SpringPersistenceUnitInfo - No LoadTimeWeaver setup: ignoring JPA class transformer
2025-05-10 19:38:17.934 [main] INFO  com.zaxxer.hikari.HikariDataSource - HikariPool-1 - Starting...
2025-05-10 19:38:18.646 [main] INFO  com.zaxxer.hikari.pool.HikariPool - HikariPool-1 - Added connection org.postgresql.jdbc.PgConnection@3e0855b0
2025-05-10 19:38:18.649 [main] INFO  com.zaxxer.hikari.HikariDataSource - HikariPool-1 - Start completed.
2025-05-10 19:38:18.724 [main] WARN  org.hibernate.orm.deprecation - HHH90000025: PostgreSQLDialect does not need to be specified explicitly using 'hibernate.dialect' (remove the property setting and it will be selected by default)
2025-05-10 19:38:18.760 [main] INFO  o.hibernate.orm.connections.pooling - HHH10001005: Database info:
	Database JDBC URL [Connecting through datasource 'HikariDataSource (HikariPool-1)']
	Database driver: undefined/unknown
	Database version: 17.4
	Autocommit mode: undefined/unknown
	Isolation level: undefined/unknown
	Minimum pool size: undefined/unknown
	Maximum pool size: undefined/unknown
2025-05-10 19:38:21.014 [main] INFO  o.h.e.t.j.p.i.JtaPlatformInitiator - HHH000489: No JTA platform available (set 'hibernate.transaction.jta.platform' to enable JTA platform integration)
2025-05-10 19:38:21.120 [main] INFO  o.s.o.j.LocalContainerEntityManagerFactoryBean - Initialized JPA EntityManagerFactory for persistence unit 'default'
2025-05-10 19:38:22.243 [main] INFO  o.s.d.j.r.query.QueryEnhancerFactory - Hibernate is in classpath; If applicable, HQL parser will be used.
2025-05-10 19:38:24.422 [main] WARN  o.s.b.a.o.j.JpaBaseConfiguration$JpaWebConfiguration - spring.jpa.open-in-view is enabled by default. Therefore, database queries may be performed during view rendering. Explicitly configure spring.jpa.open-in-view to disable this warning
2025-05-10 19:38:26.328 [main] INFO  o.a.coyote.http11.Http11NioProtocol - Starting ProtocolHandler ["http-nio-8080"]
2025-05-10 19:38:26.406 [main] INFO  o.s.b.w.e.tomcat.TomcatWebServer - Tomcat started on port 8080 (http) with context path '/'
2025-05-10 19:38:26.433 [main] INFO  c.kirill.meetyou.MeetYou2Application - Started MeetYou2Application in 20.108 seconds (process running for 23.163)
2025-05-10 19:38:35.598 [http-nio-8080-exec-1] INFO  o.a.c.c.C.[Tomcat].[localhost].[/] - Initializing Spring DispatcherServlet 'dispatcherServlet'
2025-05-10 19:38:35.599 [http-nio-8080-exec-1] INFO  o.s.web.servlet.DispatcherServlet - Initializing Servlet 'dispatcherServlet'
2025-05-10 19:38:35.602 [http-nio-8080-exec-1] INFO  o.s.web.servlet.DispatcherServlet - Completed initialization in 3 ms
2025-05-10 19:38:39.870 [http-nio-8080-exec-6] INFO  o.s.api.AbstractOpenApiResource - Init duration for springdoc-openapi is: 3142 ms
2025-05-10 19:40:58.704 [http-nio-8080-exec-8] DEBUG c.k.meetyou.aspect.LoggingAspect - Method called: UserController.bulkCreate(..) with args: [BulkCreateRequest(users=[UserCreateDto(name=Fill, email=fill@t.com, birth=1990-01-01), UserCreateDto(name=Tatiana, email=tana@test.com, birth=1995-05-05)])]
2025-05-10 19:40:58.726 [http-nio-8080-exec-8] DEBUG c.k.meetyou.aspect.LoggingAspect - Method called: UserService.bulkCreate(..) with args: [[UserCreateDto(name=Fill, email=fill@t.com, birth=1990-01-01), UserCreateDto(name=Tatiana, email=tana@test.com, birth=1995-05-05)]]
2025-05-10 19:40:58.813 [http-nio-8080-exec-8] DEBUG org.hibernate.SQL - 
    insert 
    into
        users
        (age, birth, email, name) 
    values
        (?, ?, ?, ?)
2025-05-10 19:40:58.880 [http-nio-8080-exec-8] DEBUG org.hibernate.SQL - 
    insert 
    into
        users
        (age, birth, email, name) 
    values
        (?, ?, ?, ?)
2025-05-10 19:40:58.884 [http-nio-8080-exec-8] DEBUG c.k.meetyou.aspect.LoggingAspect - Method UserService.bulkCreate(..) returned: BulkResponse(successCount=2, failCount=0, errors=null)
2025-05-10 19:40:58.937 [http-nio-8080-exec-8] DEBUG c.k.meetyou.aspect.LoggingAspect - Method UserController.bulkCreate(..) returned: <201 CREATED Created,BulkResponse(successCount=2, failCount=0, errors=null),[]>
2025-05-10 19:46:06.299 [SpringApplicationShutdownHook] INFO  o.s.b.w.e.tomcat.GracefulShutdown - Commencing graceful shutdown. Waiting for active requests to complete
2025-05-10 19:46:06.309 [tomcat-shutdown] INFO  o.s.b.w.e.tomcat.GracefulShutdown - Graceful shutdown complete
2025-05-10 19:46:06.321 [SpringApplicationShutdownHook] INFO  o.s.o.j.LocalContainerEntityManagerFactoryBean - Closing JPA EntityManagerFactory for persistence unit 'default'
2025-05-10 19:46:06.327 [SpringApplicationShutdownHook] INFO  com.zaxxer.hikari.HikariDataSource - HikariPool-1 - Shutdown initiated...
2025-05-10 19:46:06.372 [SpringApplicationShutdownHook] INFO  com.zaxxer.hikari.HikariDataSource - HikariPool-1 - Shutdown completed.
