2025-05-15 16:15:54.980 [background-preinit] INFO  o.h.validator.internal.util.Version - HV000001: Hibernate Validator 8.0.2.Final
2025-05-15 16:15:55.371 [main] INFO  c.kirill.meetyou.MeetYou2Application - Starting MeetYou2Application using Java 21.0.7 with PID 35480 (/home/kirill/Java/MeetYou2/target/classes started by kirill in /home/kirill/Java/MeetYou2)
2025-05-15 16:15:55.378 [main] INFO  c.kirill.meetyou.MeetYou2Application - No active profile set, falling back to 1 default profile: "default"
2025-05-15 16:16:00.023 [main] INFO  o.s.d.r.c.RepositoryConfigurationDelegate - Bootstrapping Spring Data JPA repositories in DEFAULT mode.
2025-05-15 16:16:00.328 [main] INFO  o.s.d.r.c.RepositoryConfigurationDelegate - Finished Spring Data repository scanning in 276 ms. Found 5 JPA repository interfaces.
2025-05-15 16:16:03.243 [main] INFO  o.s.b.w.e.tomcat.TomcatWebServer - Tomcat initialized with port 8080 (http)
2025-05-15 16:16:03.273 [main] INFO  o.a.coyote.http11.Http11NioProtocol - Initializing ProtocolHandler ["http-nio-8080"]
2025-05-15 16:16:03.277 [main] INFO  o.a.catalina.core.StandardService - Starting service [Tomcat]
2025-05-15 16:16:03.278 [main] INFO  o.a.catalina.core.StandardEngine - Starting Servlet engine: [Apache Tomcat/10.1.39]
2025-05-15 16:16:03.400 [main] INFO  o.a.c.c.C.[Tomcat].[localhost].[/] - Initializing Spring embedded WebApplicationContext
2025-05-15 16:16:03.401 [main] INFO  o.s.b.w.s.c.ServletWebServerApplicationContext - Root WebApplicationContext: initialization completed in 7748 ms
2025-05-15 16:16:04.053 [main] INFO  o.h.jpa.internal.util.LogHelper - HHH000204: Processing PersistenceUnitInfo [name: default]
2025-05-15 16:16:04.246 [main] INFO  org.hibernate.Version - HHH000412: Hibernate ORM core version 6.6.11.Final
2025-05-15 16:16:04.413 [main] INFO  o.h.c.i.RegionFactoryInitiator - HHH000026: Second-level cache disabled
2025-05-15 16:16:05.641 [main] INFO  o.s.o.j.p.SpringPersistenceUnitInfo - No LoadTimeWeaver setup: ignoring JPA class transformer
2025-05-15 16:16:05.705 [main] INFO  com.zaxxer.hikari.HikariDataSource - HikariPool-1 - Starting...
2025-05-15 16:16:06.430 [main] INFO  com.zaxxer.hikari.pool.HikariPool - HikariPool-1 - Added connection org.postgresql.jdbc.PgConnection@6614289a
2025-05-15 16:16:06.434 [main] INFO  com.zaxxer.hikari.HikariDataSource - HikariPool-1 - Start completed.
2025-05-15 16:16:06.563 [main] WARN  org.hibernate.orm.deprecation - HHH90000025: PostgreSQLDialect does not need to be specified explicitly using 'hibernate.dialect' (remove the property setting and it will be selected by default)
2025-05-15 16:16:06.613 [main] INFO  o.hibernate.orm.connections.pooling - HHH10001005: Database info:
	Database JDBC URL [Connecting through datasource 'HikariDataSource (HikariPool-1)']
	Database driver: undefined/unknown
	Database version: 17.4
	Autocommit mode: undefined/unknown
	Isolation level: undefined/unknown
	Minimum pool size: undefined/unknown
	Maximum pool size: undefined/unknown
2025-05-15 16:16:09.198 [main] INFO  o.h.e.t.j.p.i.JtaPlatformInitiator - HHH000489: No JTA platform available (set 'hibernate.transaction.jta.platform' to enable JTA platform integration)
2025-05-15 16:16:09.336 [main] INFO  o.s.o.j.LocalContainerEntityManagerFactoryBean - Initialized JPA EntityManagerFactory for persistence unit 'default'
2025-05-15 16:16:10.617 [main] INFO  o.s.d.j.r.query.QueryEnhancerFactory - Hibernate is in classpath; If applicable, HQL parser will be used.
2025-05-15 16:16:13.020 [main] WARN  o.s.b.a.o.j.JpaBaseConfiguration$JpaWebConfiguration - spring.jpa.open-in-view is enabled by default. Therefore, database queries may be performed during view rendering. Explicitly configure spring.jpa.open-in-view to disable this warning
2025-05-15 16:16:14.710 [main] INFO  o.a.coyote.http11.Http11NioProtocol - Starting ProtocolHandler ["http-nio-8080"]
2025-05-15 16:16:14.750 [main] INFO  o.s.b.w.e.tomcat.TomcatWebServer - Tomcat started on port 8080 (http) with context path '/'
2025-05-15 16:16:14.780 [main] INFO  c.kirill.meetyou.MeetYou2Application - Started MeetYou2Application in 23.825 seconds (process running for 27.816)
2025-05-15 16:16:22.106 [http-nio-8080-exec-1] INFO  o.a.c.c.C.[Tomcat].[localhost].[/] - Initializing Spring DispatcherServlet 'dispatcherServlet'
2025-05-15 16:16:22.109 [http-nio-8080-exec-1] INFO  o.s.web.servlet.DispatcherServlet - Initializing Servlet 'dispatcherServlet'
2025-05-15 16:16:22.127 [http-nio-8080-exec-1] INFO  o.s.web.servlet.DispatcherServlet - Completed initialization in 14 ms
2025-05-15 16:16:30.140 [http-nio-8080-exec-5] INFO  o.s.api.AbstractOpenApiResource - Init duration for springdoc-openapi is: 6302 ms
2025-05-15 16:18:44.125 [http-nio-8080-exec-7] DEBUG c.k.meetyou.aspect.LoggingAspect - Method called: UserController.bulkCreate(..) with args: [BulkCreateRequest(users=[UserCreateDto(name=Ivan, email=iv@gmail.com, birth=2025-05-10), UserCreateDto(name=Anton, email=anton@gmail.com, birth=2020-01-17)])]
2025-05-15 16:18:44.145 [http-nio-8080-exec-7] DEBUG c.k.meetyou.aspect.LoggingAspect - Method called: UserService.bulkCreate(..) with args: [[UserCreateDto(name=Ivan, email=iv@gmail.com, birth=2025-05-10), UserCreateDto(name=Anton, email=anton@gmail.com, birth=2020-01-17)]]
2025-05-15 16:18:44.239 [http-nio-8080-exec-7] DEBUG org.hibernate.SQL - 
    select
        * 
    from
        users 
    where
        email = ?
2025-05-15 16:18:44.526 [http-nio-8080-exec-7] DEBUG org.hibernate.SQL - 
    insert 
    into
        users
        (age, birth, email, name) 
    values
        (?, ?, ?, ?)
2025-05-15 16:18:44.601 [http-nio-8080-exec-7] DEBUG org.hibernate.SQL - 
    select
        * 
    from
        users 
    where
        email = ?
2025-05-15 16:18:44.606 [http-nio-8080-exec-7] DEBUG org.hibernate.SQL - 
    insert 
    into
        users
        (age, birth, email, name) 
    values
        (?, ?, ?, ?)
2025-05-15 16:18:44.612 [http-nio-8080-exec-7] DEBUG c.k.meetyou.aspect.LoggingAspect - Method UserService.bulkCreate(..) returned: BulkResponse(successCount=2, failCount=0, errors=[])
2025-05-15 16:18:44.631 [http-nio-8080-exec-7] DEBUG c.k.meetyou.aspect.LoggingAspect - Method UserController.bulkCreate(..) returned: <201 CREATED Created,BulkResponse(successCount=2, failCount=0, errors=[]),[]>
2025-05-15 16:21:27.398 [http-nio-8080-exec-8] DEBUG c.k.meetyou.aspect.LoggingAspect - Method called: UserController.bulkCreate(..) with args: [BulkCreateRequest(users=[UserCreateDto(name=Fill, email=fillka@gmail.com, birth=2010-05-10), UserCreateDto(name=Arhip, email=arhipaa@gmail.com, birth=2010-01-17)])]
2025-05-15 16:21:27.403 [http-nio-8080-exec-8] DEBUG c.k.meetyou.aspect.LoggingAspect - Method called: UserService.bulkCreate(..) with args: [[UserCreateDto(name=Fill, email=fillka@gmail.com, birth=2010-05-10), UserCreateDto(name=Arhip, email=arhipaa@gmail.com, birth=2010-01-17)]]
2025-05-15 16:21:27.407 [http-nio-8080-exec-8] DEBUG org.hibernate.SQL - 
    select
        * 
    from
        users 
    where
        email = ?
2025-05-15 16:21:27.420 [http-nio-8080-exec-8] DEBUG org.hibernate.SQL - 
    insert 
    into
        users
        (age, birth, email, name) 
    values
        (?, ?, ?, ?)
2025-05-15 16:21:27.426 [http-nio-8080-exec-8] DEBUG org.hibernate.SQL - 
    select
        * 
    from
        users 
    where
        email = ?
2025-05-15 16:21:27.445 [http-nio-8080-exec-8] DEBUG org.hibernate.SQL - 
    insert 
    into
        users
        (age, birth, email, name) 
    values
        (?, ?, ?, ?)
2025-05-15 16:21:27.449 [http-nio-8080-exec-8] DEBUG c.k.meetyou.aspect.LoggingAspect - Method UserService.bulkCreate(..) returned: BulkResponse(successCount=2, failCount=0, errors=[])
2025-05-15 16:21:27.453 [http-nio-8080-exec-8] DEBUG c.k.meetyou.aspect.LoggingAspect - Method UserController.bulkCreate(..) returned: <201 CREATED Created,BulkResponse(successCount=2, failCount=0, errors=[]),[]>
2025-05-15 16:24:22.792 [http-nio-8080-exec-1] ERROR c.k.m.e.GlobalExceptionHandler - Unhandled exception occurred: JSON parse error: Cannot deserialize value of type `com.kirill.meetyou.dto.BulkCreateRequest` from Array value (token `JsonToken.START_ARRAY`)
org.springframework.http.converter.HttpMessageNotReadableException: JSON parse error: Cannot deserialize value of type `com.kirill.meetyou.dto.BulkCreateRequest` from Array value (token `JsonToken.START_ARRAY`)
	at org.springframework.http.converter.json.AbstractJackson2HttpMessageConverter.readJavaType(AbstractJackson2HttpMessageConverter.java:409)
	at org.springframework.http.converter.json.AbstractJackson2HttpMessageConverter.read(AbstractJackson2HttpMessageConverter.java:357)
	at org.springframework.web.servlet.mvc.method.annotation.AbstractMessageConverterMethodArgumentResolver.readWithMessageConverters(AbstractMessageConverterMethodArgumentResolver.java:204)
	at org.springframework.web.servlet.mvc.method.annotation.RequestResponseBodyMethodProcessor.readWithMessageConverters(RequestResponseBodyMethodProcessor.java:176)
	at org.springframework.web.servlet.mvc.method.annotation.RequestResponseBodyMethodProcessor.resolveArgument(RequestResponseBodyMethodProcessor.java:150)
	at org.springframework.web.method.support.HandlerMethodArgumentResolverComposite.resolveArgument(HandlerMethodArgumentResolverComposite.java:122)
	at org.springframework.web.method.support.InvocableHandlerMethod.getMethodArgumentValues(InvocableHandlerMethod.java:227)
	at org.springframework.web.method.support.InvocableHandlerMethod.invokeForRequest(InvocableHandlerMethod.java:181)
	at org.springframework.web.servlet.mvc.method.annotation.ServletInvocableHandlerMethod.invokeAndHandle(ServletInvocableHandlerMethod.java:118)
	at org.springframework.web.servlet.mvc.method.annotation.RequestMappingHandlerAdapter.invokeHandlerMethod(RequestMappingHandlerAdapter.java:986)
	at org.springframework.web.servlet.mvc.method.annotation.RequestMappingHandlerAdapter.handleInternal(RequestMappingHandlerAdapter.java:891)
	at org.springframework.web.servlet.mvc.method.AbstractHandlerMethodAdapter.handle(AbstractHandlerMethodAdapter.java:87)
	at org.springframework.web.servlet.DispatcherServlet.doDispatch(DispatcherServlet.java:1089)
	at org.springframework.web.servlet.DispatcherServlet.doService(DispatcherServlet.java:979)
	at org.springframework.web.servlet.FrameworkServlet.processRequest(FrameworkServlet.java:1014)
	at org.springframework.web.servlet.FrameworkServlet.doPost(FrameworkServlet.java:914)
	at jakarta.servlet.http.HttpServlet.service(HttpServlet.java:590)
	at org.springframework.web.servlet.FrameworkServlet.service(FrameworkServlet.java:885)
	at jakarta.servlet.http.HttpServlet.service(HttpServlet.java:658)
	at org.apache.catalina.core.ApplicationFilterChain.internalDoFilter(ApplicationFilterChain.java:195)
	at org.apache.catalina.core.ApplicationFilterChain.doFilter(ApplicationFilterChain.java:140)
	at org.apache.tomcat.websocket.server.WsFilter.doFilter(WsFilter.java:51)
	at org.apache.catalina.core.ApplicationFilterChain.internalDoFilter(ApplicationFilterChain.java:164)
	at org.apache.catalina.core.ApplicationFilterChain.doFilter(ApplicationFilterChain.java:140)
	at org.springframework.web.filter.RequestContextFilter.doFilterInternal(RequestContextFilter.java:100)
	at org.springframework.web.filter.OncePerRequestFilter.doFilter(OncePerRequestFilter.java:116)
	at org.apache.catalina.core.ApplicationFilterChain.internalDoFilter(ApplicationFilterChain.java:164)
	at org.apache.catalina.core.ApplicationFilterChain.doFilter(ApplicationFilterChain.java:140)
	at org.springframework.web.filter.FormContentFilter.doFilterInternal(FormContentFilter.java:93)
	at org.springframework.web.filter.OncePerRequestFilter.doFilter(OncePerRequestFilter.java:116)
	at org.apache.catalina.core.ApplicationFilterChain.internalDoFilter(ApplicationFilterChain.java:164)
	at org.apache.catalina.core.ApplicationFilterChain.doFilter(ApplicationFilterChain.java:140)
	at org.springframework.web.filter.CharacterEncodingFilter.doFilterInternal(CharacterEncodingFilter.java:201)
	at org.springframework.web.filter.OncePerRequestFilter.doFilter(OncePerRequestFilter.java:116)
	at org.apache.catalina.core.ApplicationFilterChain.internalDoFilter(ApplicationFilterChain.java:164)
	at org.apache.catalina.core.ApplicationFilterChain.doFilter(ApplicationFilterChain.java:140)
	at org.apache.catalina.core.StandardWrapperValve.invoke(StandardWrapperValve.java:167)
	at org.apache.catalina.core.StandardContextValve.invoke(StandardContextValve.java:90)
	at org.apache.catalina.authenticator.AuthenticatorBase.invoke(AuthenticatorBase.java:483)
	at org.apache.catalina.core.StandardHostValve.invoke(StandardHostValve.java:115)
	at org.apache.catalina.valves.ErrorReportValve.invoke(ErrorReportValve.java:93)
	at org.apache.catalina.core.StandardEngineValve.invoke(StandardEngineValve.java:74)
	at org.apache.catalina.connector.CoyoteAdapter.service(CoyoteAdapter.java:344)
	at org.apache.coyote.http11.Http11Processor.service(Http11Processor.java:397)
	at org.apache.coyote.AbstractProcessorLight.process(AbstractProcessorLight.java:63)
	at org.apache.coyote.AbstractProtocol$ConnectionHandler.process(AbstractProtocol.java:905)
	at org.apache.tomcat.util.net.NioEndpoint$SocketProcessor.doRun(NioEndpoint.java:1743)
	at org.apache.tomcat.util.net.SocketProcessorBase.run(SocketProcessorBase.java:52)
	at org.apache.tomcat.util.threads.ThreadPoolExecutor.runWorker(ThreadPoolExecutor.java:1190)
	at org.apache.tomcat.util.threads.ThreadPoolExecutor$Worker.run(ThreadPoolExecutor.java:659)
	at org.apache.tomcat.util.threads.TaskThread$WrappingRunnable.run(TaskThread.java:63)
	at java.base/java.lang.Thread.run(Thread.java:1583)
Caused by: com.fasterxml.jackson.databind.exc.MismatchedInputException: Cannot deserialize value of type `com.kirill.meetyou.dto.BulkCreateRequest` from Array value (token `JsonToken.START_ARRAY`)
 at [Source: REDACTED (`StreamReadFeature.INCLUDE_SOURCE_IN_LOCATION` disabled); line: 1, column: 1]
	at com.fasterxml.jackson.databind.exc.MismatchedInputException.from(MismatchedInputException.java:59)
	at com.fasterxml.jackson.databind.DeserializationContext.reportInputMismatch(DeserializationContext.java:1767)
	at com.fasterxml.jackson.databind.DeserializationContext.handleUnexpectedToken(DeserializationContext.java:1541)
	at com.fasterxml.jackson.databind.DeserializationContext.handleUnexpectedToken(DeserializationContext.java:1488)
	at com.fasterxml.jackson.databind.deser.BeanDeserializer._deserializeFromArray(BeanDeserializer.java:669)
	at com.fasterxml.jackson.databind.deser.BeanDeserializer._deserializeOther(BeanDeserializer.java:211)
	at com.fasterxml.jackson.databind.deser.BeanDeserializer.deserialize(BeanDeserializer.java:187)
	at com.fasterxml.jackson.databind.deser.DefaultDeserializationContext.readRootValue(DefaultDeserializationContext.java:342)
	at com.fasterxml.jackson.databind.ObjectReader._bindAndClose(ObjectReader.java:2131)
	at com.fasterxml.jackson.databind.ObjectReader.readValue(ObjectReader.java:1501)
	at org.springframework.http.converter.json.AbstractJackson2HttpMessageConverter.readJavaType(AbstractJackson2HttpMessageConverter.java:398)
	... 51 common frames omitted
2025-05-15 16:38:12.376 [SpringApplicationShutdownHook] INFO  o.s.b.w.e.tomcat.GracefulShutdown - Commencing graceful shutdown. Waiting for active requests to complete
2025-05-15 16:38:12.386 [tomcat-shutdown] INFO  o.s.b.w.e.tomcat.GracefulShutdown - Graceful shutdown complete
2025-05-15 16:38:12.407 [SpringApplicationShutdownHook] INFO  o.s.o.j.LocalContainerEntityManagerFactoryBean - Closing JPA EntityManagerFactory for persistence unit 'default'
2025-05-15 16:38:12.420 [SpringApplicationShutdownHook] INFO  com.zaxxer.hikari.HikariDataSource - HikariPool-1 - Shutdown initiated...
2025-05-15 16:38:12.493 [SpringApplicationShutdownHook] INFO  com.zaxxer.hikari.HikariDataSource - HikariPool-1 - Shutdown completed.
2025-05-15 16:39:48.219 [background-preinit] INFO  o.h.validator.internal.util.Version - HV000001: Hibernate Validator 8.0.2.Final
2025-05-15 16:39:48.404 [main] INFO  c.kirill.meetyou.MeetYou2Application - Starting MeetYou2Application using Java 21.0.7 with PID 37508 (/home/kirill/Java/MeetYou2/target/classes started by kirill in /home/kirill/Java/MeetYou2)
2025-05-15 16:39:48.415 [main] INFO  c.kirill.meetyou.MeetYou2Application - No active profile set, falling back to 1 default profile: "default"
2025-05-15 16:39:51.402 [main] INFO  o.s.d.r.c.RepositoryConfigurationDelegate - Bootstrapping Spring Data JPA repositories in DEFAULT mode.
2025-05-15 16:39:51.619 [main] INFO  o.s.d.r.c.RepositoryConfigurationDelegate - Finished Spring Data repository scanning in 189 ms. Found 5 JPA repository interfaces.
2025-05-15 16:39:54.007 [main] INFO  o.s.b.w.e.tomcat.TomcatWebServer - Tomcat initialized with port 8080 (http)
2025-05-15 16:39:54.039 [main] INFO  o.a.coyote.http11.Http11NioProtocol - Initializing ProtocolHandler ["http-nio-8080"]
2025-05-15 16:39:54.045 [main] INFO  o.a.catalina.core.StandardService - Starting service [Tomcat]
2025-05-15 16:39:54.047 [main] INFO  o.a.catalina.core.StandardEngine - Starting Servlet engine: [Apache Tomcat/10.1.39]
2025-05-15 16:39:54.157 [main] INFO  o.a.c.c.C.[Tomcat].[localhost].[/] - Initializing Spring embedded WebApplicationContext
2025-05-15 16:39:54.158 [main] INFO  o.s.b.w.s.c.ServletWebServerApplicationContext - Root WebApplicationContext: initialization completed in 5523 ms
2025-05-15 16:39:54.661 [main] INFO  o.h.jpa.internal.util.LogHelper - HHH000204: Processing PersistenceUnitInfo [name: default]
2025-05-15 16:39:54.764 [main] INFO  org.hibernate.Version - HHH000412: Hibernate ORM core version 6.6.11.Final
2025-05-15 16:39:54.822 [main] INFO  o.h.c.i.RegionFactoryInitiator - HHH000026: Second-level cache disabled
2025-05-15 16:39:55.339 [main] INFO  o.s.o.j.p.SpringPersistenceUnitInfo - No LoadTimeWeaver setup: ignoring JPA class transformer
2025-05-15 16:39:55.391 [main] INFO  com.zaxxer.hikari.HikariDataSource - HikariPool-1 - Starting...
2025-05-15 16:39:55.983 [main] INFO  com.zaxxer.hikari.pool.HikariPool - HikariPool-1 - Added connection org.postgresql.jdbc.PgConnection@7ccf6114
2025-05-15 16:39:55.986 [main] INFO  com.zaxxer.hikari.HikariDataSource - HikariPool-1 - Start completed.
2025-05-15 16:39:56.033 [main] WARN  org.hibernate.orm.deprecation - HHH90000025: PostgreSQLDialect does not need to be specified explicitly using 'hibernate.dialect' (remove the property setting and it will be selected by default)
2025-05-15 16:39:56.068 [main] INFO  o.hibernate.orm.connections.pooling - HHH10001005: Database info:
	Database JDBC URL [Connecting through datasource 'HikariDataSource (HikariPool-1)']
	Database driver: undefined/unknown
	Database version: 17.4
	Autocommit mode: undefined/unknown
	Isolation level: undefined/unknown
	Minimum pool size: undefined/unknown
	Maximum pool size: undefined/unknown
2025-05-15 16:39:58.394 [main] INFO  o.h.e.t.j.p.i.JtaPlatformInitiator - HHH000489: No JTA platform available (set 'hibernate.transaction.jta.platform' to enable JTA platform integration)
2025-05-15 16:39:58.474 [main] INFO  o.s.o.j.LocalContainerEntityManagerFactoryBean - Initialized JPA EntityManagerFactory for persistence unit 'default'
2025-05-15 16:39:59.553 [main] INFO  o.s.d.j.r.query.QueryEnhancerFactory - Hibernate is in classpath; If applicable, HQL parser will be used.
2025-05-15 16:40:01.675 [main] WARN  o.s.b.a.o.j.JpaBaseConfiguration$JpaWebConfiguration - spring.jpa.open-in-view is enabled by default. Therefore, database queries may be performed during view rendering. Explicitly configure spring.jpa.open-in-view to disable this warning
2025-05-15 16:40:03.274 [main] INFO  o.a.coyote.http11.Http11NioProtocol - Starting ProtocolHandler ["http-nio-8080"]
2025-05-15 16:40:03.296 [main] INFO  o.s.b.w.e.tomcat.TomcatWebServer - Tomcat started on port 8080 (http) with context path '/'
2025-05-15 16:40:03.312 [main] INFO  c.kirill.meetyou.MeetYou2Application - Started MeetYou2Application in 16.544 seconds (process running for 19.273)
2025-05-15 16:40:12.915 [http-nio-8080-exec-1] INFO  o.a.c.c.C.[Tomcat].[localhost].[/] - Initializing Spring DispatcherServlet 'dispatcherServlet'
2025-05-15 16:40:12.916 [http-nio-8080-exec-1] INFO  o.s.web.servlet.DispatcherServlet - Initializing Servlet 'dispatcherServlet'
2025-05-15 16:40:12.930 [http-nio-8080-exec-1] INFO  o.s.web.servlet.DispatcherServlet - Completed initialization in 13 ms
2025-05-15 16:40:17.799 [http-nio-8080-exec-3] INFO  o.s.api.AbstractOpenApiResource - Init duration for springdoc-openapi is: 4039 ms
2025-05-15 16:42:20.151 [http-nio-8080-exec-5] DEBUG c.k.meetyou.aspect.LoggingAspect - Method called: UserController.bulkCreate(..) with args: [[com.kirill.meetyou.dto.UserCreateDto@72169665, com.kirill.meetyou.dto.UserCreateDto@25ac9c56]]
2025-05-15 16:42:20.166 [http-nio-8080-exec-5] DEBUG c.k.meetyou.aspect.LoggingAspect - Method called: UserService.bulkCreate(..) with args: [[com.kirill.meetyou.dto.UserCreateDto@72169665, com.kirill.meetyou.dto.UserCreateDto@25ac9c56]]
2025-05-15 16:42:20.275 [http-nio-8080-exec-5] DEBUG org.hibernate.SQL - 
    select
        * 
    from
        users 
    where
        email = ?
2025-05-15 16:42:20.554 [http-nio-8080-exec-5] DEBUG org.hibernate.SQL - 
    insert 
    into
        users
        (age, birth, email, name) 
    values
        (?, ?, ?, ?)
2025-05-15 16:42:20.611 [http-nio-8080-exec-5] DEBUG org.hibernate.SQL - 
    select
        * 
    from
        users 
    where
        email = ?
2025-05-15 16:42:20.616 [http-nio-8080-exec-5] DEBUG org.hibernate.SQL - 
    insert 
    into
        users
        (age, birth, email, name) 
    values
        (?, ?, ?, ?)
2025-05-15 16:42:20.620 [http-nio-8080-exec-5] DEBUG c.k.meetyou.aspect.LoggingAspect - Method UserService.bulkCreate(..) returned: BulkResponse(successCount=2, failCount=0, errors=[])
2025-05-15 16:42:20.635 [http-nio-8080-exec-5] DEBUG c.k.meetyou.aspect.LoggingAspect - Method UserController.bulkCreate(..) returned: BulkResponse(successCount=2, failCount=0, errors=[])
2025-05-15 16:55:35.644 [http-nio-8080-exec-7] DEBUG c.k.meetyou.aspect.LoggingAspect - Method called: UserController.bulkCreate(..) with args: [[com.kirill.meetyou.dto.UserCreateDto@1f1e8785, com.kirill.meetyou.dto.UserCreateDto@1b2110be]]
2025-05-15 16:55:35.650 [http-nio-8080-exec-7] DEBUG c.k.meetyou.aspect.LoggingAspect - Method called: UserService.bulkCreate(..) with args: [[com.kirill.meetyou.dto.UserCreateDto@1f1e8785, com.kirill.meetyou.dto.UserCreateDto@1b2110be]]
2025-05-15 16:55:35.653 [http-nio-8080-exec-7] DEBUG org.hibernate.SQL - 
    select
        * 
    from
        users 
    where
        email = ?
2025-05-15 16:55:35.660 [http-nio-8080-exec-7] DEBUG org.hibernate.SQL - 
    insert 
    into
        users
        (age, birth, email, name) 
    values
        (?, ?, ?, ?)
2025-05-15 16:55:35.669 [http-nio-8080-exec-7] DEBUG org.hibernate.SQL - 
    select
        * 
    from
        users 
    where
        email = ?
2025-05-15 16:55:35.676 [http-nio-8080-exec-7] DEBUG org.hibernate.SQL - 
    insert 
    into
        users
        (age, birth, email, name) 
    values
        (?, ?, ?, ?)
2025-05-15 16:55:35.682 [http-nio-8080-exec-7] DEBUG c.k.meetyou.aspect.LoggingAspect - Method UserService.bulkCreate(..) returned: BulkResponse(successCount=2, failCount=0, errors=[])
2025-05-15 16:55:35.688 [http-nio-8080-exec-7] DEBUG c.k.meetyou.aspect.LoggingAspect - Method UserController.bulkCreate(..) returned: BulkResponse(successCount=2, failCount=0, errors=[])
2025-05-15 16:55:55.701 [SpringApplicationShutdownHook] INFO  o.s.b.w.e.tomcat.GracefulShutdown - Commencing graceful shutdown. Waiting for active requests to complete
2025-05-15 16:55:55.722 [tomcat-shutdown] INFO  o.s.b.w.e.tomcat.GracefulShutdown - Graceful shutdown complete
2025-05-15 16:55:55.747 [SpringApplicationShutdownHook] INFO  o.s.o.j.LocalContainerEntityManagerFactoryBean - Closing JPA EntityManagerFactory for persistence unit 'default'
2025-05-15 16:55:55.760 [SpringApplicationShutdownHook] INFO  com.zaxxer.hikari.HikariDataSource - HikariPool-1 - Shutdown initiated...
2025-05-15 16:55:55.814 [SpringApplicationShutdownHook] INFO  com.zaxxer.hikari.HikariDataSource - HikariPool-1 - Shutdown completed.
